# JRE version: OpenJDK Runtime Environment (8.0_162-b12) (build 1.8.0_162-8u162-b12-0ubuntu0.16.04.2-b12)
# Java VM: OpenJDK 64-Bit Server VM (25.162-b12 mixed mode linux-amd64 compressed oops)
Heap:
 PSYoungGen      total 62464K, used 17969K [0x00000000d6e00000, 0x00000000dd280000, 0x0000000100000000)
  eden space 58368K, 30% used [0x00000000d6e00000,0x00000000d7f74678,0x00000000da700000)
  from space 4096K, 2% used [0x00000000dca80000,0x00000000dca98000,0x00000000dce80000)
  to   space 4096K, 0% used [0x00000000dce80000,0x00000000dce80000,0x00000000dd280000)
 ParOldGen       total 84992K, used 2603K [0x0000000084a00000, 0x0000000089d00000, 0x00000000d6e00000)
  object space 84992K, 3% used [0x0000000084a00000,0x0000000084c8ad30,0x0000000089d00000)
 Metaspace       used 11316K, capacity 11500K, committed 11776K, reserved 1060864K
  class space    used 1196K, capacity 1254K, committed 1280K, reserved 1048576K
GC Heap History (10 events):
Event: 20,432 GC heap before
{Heap before GC invocations=7 (full 0):
 PSYoungGen      total 33280K, used 33276K [0x00000000d6e00000, 0x00000000d9280000, 0x0000000100000000)
  eden space 30720K, 100% used [0x00000000d6e00000,0x00000000d8c00000,0x00000000d8c00000)
  from space 2560K, 99% used [0x00000000d9000000,0x00000000d927f1a0,0x00000000d9280000)
  to   space 3072K, 0% used [0x00000000d8c80000,0x00000000d8c80000,0x00000000d8f80000)
 ParOldGen       total 84992K, used 64K [0x0000000084a00000, 0x0000000089d00000, 0x00000000d6e00000)
  object space 84992K, 0% used [0x0000000084a00000,0x0000000084a10000,0x0000000089d00000)
 Metaspace       used 11162K, capacity 11372K, committed 11520K, reserved 1058816K
  class space    used 1176K, capacity 1254K, committed 1280K, reserved 1048576K
Event: 20,450 GC heap after
Heap after GC invocations=7 (full 0):
 PSYoungGen      total 34304K, used 224K [0x00000000d6e00000, 0x00000000db100000, 0x0000000100000000)
  eden space 31232K, 0% used [0x00000000d6e00000,0x00000000d6e00000,0x00000000d8c80000)
  from space 3072K, 7% used [0x00000000d8c80000,0x00000000d8cb8000,0x00000000d8f80000)
  to   space 3584K, 0% used [0x00000000dad80000,0x00000000dad80000,0x00000000db100000)
 ParOldGen       total 84992K, used 2579K [0x0000000084a00000, 0x0000000089d00000, 0x00000000d6e00000)
  object space 84992K, 3% used [0x0000000084a00000,0x0000000084c84d30,0x0000000089d00000)
 Metaspace       used 11162K, capacity 11372K, committed 11520K, reserved 1058816K
  class space    used 1176K, capacity 1254K, committed 1280K, reserved 1048576K
}
Event: 20,798 GC heap before
{Heap before GC invocations=8 (full 0):
 PSYoungGen      total 34304K, used 31456K [0x00000000d6e00000, 0x00000000db100000, 0x0000000100000000)
  eden space 31232K, 100% used [0x00000000d6e00000,0x00000000d8c80000,0x00000000d8c80000)
  from space 3072K, 7% used [0x00000000d8c80000,0x00000000d8cb8000,0x00000000d8f80000)
  to   space 3584K, 0% used [0x00000000dad80000,0x00000000dad80000,0x00000000db100000)
 ParOldGen       total 84992K, used 2579K [0x0000000084a00000, 0x0000000089d00000, 0x00000000d6e00000)
  object space 84992K, 3% used [0x0000000084a00000,0x0000000084c84d30,0x0000000089d00000)
 Metaspace       used 11162K, capacity 11372K, committed 11520K, reserved 1058816K
  class space    used 1176K, capacity 1254K, committed 1280K, reserved 1048576K
Event: 20,802 GC heap after
Heap after GC invocations=8 (full 0):
 PSYoungGen      total 65024K, used 128K [0x00000000d6e00000, 0x00000000db200000, 0x0000000100000000)
  eden space 61440K, 0% used [0x00000000d6e00000,0x00000000d6e00000,0x00000000daa00000)
  from space 3584K, 3% used [0x00000000dad80000,0x00000000dada0000,0x00000000db100000)
  to   space 3584K, 0% used [0x00000000daa00000,0x00000000daa00000,0x00000000dad80000)
 ParOldGen       total 84992K, used 2603K [0x0000000084a00000, 0x0000000089d00000, 0x00000000d6e00000)
  object space 84992K, 3% used [0x0000000084a00000,0x0000000084c8ad30,0x0000000089d00000)
 Metaspace       used 11162K, capacity 11372K, committed 11520K, reserved 1058816K
  class space    used 1176K, capacity 1254K, committed 1280K, reserved 1048576K
}
Event: 21,588 GC heap before
{Heap before GC invocations=9 (full 0):
 PSYoungGen      total 65024K, used 61568K [0x00000000d6e00000, 0x00000000db200000, 0x0000000100000000)
  eden space 61440K, 100% used [0x00000000d6e00000,0x00000000daa00000,0x00000000daa00000)
  from space 3584K, 3% used [0x00000000dad80000,0x00000000dada0000,0x00000000db100000)
  to   space 3584K, 0% used [0x00000000daa00000,0x00000000daa00000,0x00000000dad80000)
 ParOldGen       total 84992K, used 2603K [0x0000000084a00000, 0x0000000089d00000, 0x00000000d6e00000)
  object space 84992K, 3% used [0x0000000084a00000,0x0000000084c8ad30,0x0000000089d00000)
 Metaspace       used 11165K, capacity 11372K, committed 11520K, reserved 1058816K
  class space    used 1176K, capacity 1254K, committed 1280K, reserved 1048576K
Event: 21,592 GC heap after
Heap after GC invocations=9 (full 0):
 PSYoungGen      total 65024K, used 96K [0x00000000d6e00000, 0x00000000dd600000, 0x0000000100000000)
  eden space 61440K, 0% used [0x00000000d6e00000,0x00000000d6e00000,0x00000000daa00000)
  from space 3584K, 2% used [0x00000000daa00000,0x00000000daa18000,0x00000000dad80000)
  to   space 4096K, 0% used [0x00000000dd200000,0x00000000dd200000,0x00000000dd600000)
 ParOldGen       total 84992K, used 2603K [0x0000000084a00000, 0x0000000089d00000, 0x00000000d6e00000)
  object space 84992K, 3% used [0x0000000084a00000,0x0000000084c8ad30,0x0000000089d00000)
 Metaspace       used 11165K, capacity 11372K, committed 11520K, reserved 1058816K
  class space    used 1176K, capacity 1254K, committed 1280K, reserved 1048576K
}
Event: 22,255 GC heap before
{Heap before GC invocations=10 (full 0):
 PSYoungGen      total 65024K, used 61536K [0x00000000d6e00000, 0x00000000dd600000, 0x0000000100000000)
  eden space 61440K, 100% used [0x00000000d6e00000,0x00000000daa00000,0x00000000daa00000)
  from space 3584K, 2% used [0x00000000daa00000,0x00000000daa18000,0x00000000dad80000)
  to   space 4096K, 0% used [0x00000000dd200000,0x00000000dd200000,0x00000000dd600000)
 ParOldGen       total 84992K, used 2603K [0x0000000084a00000, 0x0000000089d00000, 0x00000000d6e00000)
  object space 84992K, 3% used [0x0000000084a00000,0x0000000084c8ad30,0x0000000089d00000)
 Metaspace       used 11165K, capacity 11372K, committed 11520K, reserved 1058816K
  class space    used 1176K, capacity 1254K, committed 1280K, reserved 1048576K
Event: 22,256 GC heap after
Heap after GC invocations=10 (full 0):
 PSYoungGen      total 60416K, used 160K [0x00000000d6e00000, 0x00000000dd280000, 0x0000000100000000)
  eden space 59904K, 0% used [0x00000000d6e00000,0x00000000d6e00000,0x00000000da880000)
  from space 512K, 31% used [0x00000000dd200000,0x00000000dd228000,0x00000000dd280000)
  to   space 4096K, 0% used [0x00000000dca80000,0x00000000dca80000,0x00000000dce80000)
 ParOldGen       total 84992K, used 2603K [0x0000000084a00000, 0x0000000089d00000, 0x00000000d6e00000)
  object space 84992K, 3% used [0x0000000084a00000,0x0000000084c8ad30,0x0000000089d00000)
 Metaspace       used 11165K, capacity 11372K, committed 11520K, reserved 1058816K
  class space    used 1176K, capacity 1254K, committed 1280K, reserved 1048576K
}
Event: 23,056 GC heap before
{Heap before GC invocations=11 (full 0):
 PSYoungGen      total 60416K, used 60064K [0x00000000d6e00000, 0x00000000dd280000, 0x0000000100000000)
  eden space 59904K, 100% used [0x00000000d6e00000,0x00000000da880000,0x00000000da880000)
  from space 512K, 31% used [0x00000000dd200000,0x00000000dd228000,0x00000000dd280000)
  to   space 4096K, 0% used [0x00000000dca80000,0x00000000dca80000,0x00000000dce80000)
 ParOldGen       total 84992K, used 2603K [0x0000000084a00000, 0x0000000089d00000, 0x00000000d6e00000)
  object space 84992K, 3% used [0x0000000084a00000,0x0000000084c8ad30,0x0000000089d00000)
 Metaspace       used 11165K, capacity 11372K, committed 11520K, reserved 1058816K
  class space    used 1176K, capacity 1254K, committed 1280K, reserved 1048576K
Event: 23,056 GC heap after
Heap after GC invocations=11 (full 0):
 PSYoungGen      total 62464K, used 96K [0x00000000d6e00000, 0x00000000dd280000, 0x0000000100000000)
  eden space 58368K, 0% used [0x00000000d6e00000,0x00000000d6e00000,0x00000000da700000)
  from space 4096K, 2% used [0x00000000dca80000,0x00000000dca98000,0x00000000dce80000)
  to   space 4096K, 0% used [0x00000000dce80000,0x00000000dce80000,0x00000000dd280000)
 ParOldGen       total 84992K, used 2603K [0x0000000084a00000, 0x0000000089d00000, 0x00000000d6e00000)
  object space 84992K, 3% used [0x0000000084a00000,0x0000000084c8ad30,0x0000000089d00000)
 Metaspace       used 11165K, capacity 11372K, committed 11520K, reserved 1058816K
  class space    used 1176K, capacity 1254K, committed 1280K, reserved 1048576K
}

